*******************************************************************************                                                                 
NCP         NPSS_1.6.4 - Rev: AG    model:      EEE Model     run by:     kjholcom    solutionMode= STEADY_STATE    converge=    1    case:    2
time:  0.000    timeStep:0.0500     therm_package:GasTbl      Mode: OFFDESIGN         iter/pas/Jac/Broy=  3/ 13/ 1/ 1     run: 08/18/09 13:49:00
                                                                                                                                                
                        Summary Output Data                                                                                                     
    MN      alt     dTamb      W        Fg        Fn       SFC      Wfuel     WAR      OPR                                                      
 0.800   35000.0    18.00    524.5   21488.6    8469.9   0.5290    4480.99   0.0000   37.180                                                    

          INPUT FLOW                                                                                                   
                         Tt        Pt        Ps        W       Wc      MN     Aphy       ht        Ts     FAR      gamt
Input_StrmTube  >    464.50     5.292     3.458   526.48  1383.57  0.8000   4205.1   111.19    411.85  0.0000   1.40010
Input_EngInl    >    464.50     5.292     3.819   526.48  1383.57  0.6989   4416.9   111.19    423.19  0.0000   1.40010
Input_FanSplit  >    464.50     5.292     4.086   526.48  1383.57  0.6194   4703.7   111.19    431.42  0.0000   1.40010
Input_FanTip    >    464.50     5.292     4.081   406.39  1068.00  0.6194   3635.5   111.19    431.42  0.0000   1.40010
Input_FanTipExtD>    544.03     8.678     7.570   406.39   704.84  0.4460   2996.3   130.27    523.22  0.0000   1.39973
Input_LPC       >    464.50     5.292     4.081   120.08   315.58  0.6194   1074.2   111.19    431.42  0.0000   1.40010
Input_LPCSplit  >    544.95     8.783     7.431   120.08   205.95  0.4946    810.5   130.49    519.55  0.0000   1.39973
Input_LPCTipDct >    544.95     8.783     7.420    53.81    92.29  0.4946    363.7   130.49    519.55  0.0000   1.39973
Input_LPCMix_I1 >    544.03     8.678     7.471   406.39   704.84  0.4676   2890.6   130.27    521.24  0.0000   1.39973
Input_LPCMix_I2 >    544.95     8.783     7.471    53.81    92.29  0.4865    367.6   130.49    520.34  0.0000   1.39973
Input_BypDct    >    544.13     8.690     7.471   460.20   797.14  0.4697   3258.2   130.29    521.15  0.0000   1.39973
Input_BypBld    >    544.13     8.327     0.000   460.20   831.92  0.0000      0.0   130.29      0.00  0.0000   1.39973
Input_HPCInlDct >    544.95     8.783     8.467    66.27   113.66  0.2295    862.1   130.49    539.28  0.0000   1.39973
Input_HPCInlBld >    544.95     8.783     7.733    66.27   113.66  0.4304    496.8   130.49    525.50  0.0000   1.39973
Input_HPC       >    544.95     8.783     7.733    66.27   113.66  0.4304    496.8   130.49    525.50  0.0000   1.39973
Input_HPCExtBld >   1413.13   196.756   188.083    64.05     7.90  0.2587     54.4   346.63   1396.51  0.0000   1.35551
Input_Brn       >   1413.13   196.756   190.311    55.58     6.85  0.2222     54.4   346.63   1400.84  0.0000   1.35551
Input_HPTInlBld >   2794.31   186.918     0.000    56.82    10.37  0.0000      0.0   755.30      0.00  0.0224   1.28682
HPT1Rcool       >   1413.13    37.792     0.000     3.53     2.27  0.0000      0.0   346.63      0.00  0.0000   1.35551
HPT2Vcool       >   1161.39    37.792     0.000     1.29     0.75  0.0000      0.0   281.79      0.00  0.0000   1.37091
Input_HPT       >   2693.20   186.918     0.000    61.76    11.07  0.0000      0.0   722.59      0.00  0.0206   1.29099
Input_LPTInlBld >   1877.90    37.792     0.000    66.59    49.27  0.0000      0.0   481.69      0.00  0.0190   1.31937
Input_LPT       >   1870.65    37.792     0.000    67.19    49.62  0.0000      0.0   479.54      0.00  0.0189   1.31979
Input_LPTExtDct >   1325.71     8.315     7.728    67.19   189.87  0.3310   1050.7   329.65   1300.89  0.0189   1.34767
Input_MainMix_I1>    544.13     8.327     7.059   460.20   831.92  0.4916   3288.4   130.29    519.06  0.0000   1.39973
Input_MainMix_I2>   1325.71     8.315     7.059    67.19   189.87  0.4978    755.4   329.65   1270.68  0.0189   1.34767
Input_Nozz      >    648.95     8.270     6.930   527.40  1048.37  0.5094   4043.8   155.69    617.18  0.0024   1.39640
Input_NozzSnk   >    648.95     8.270     4.376   527.40  1048.37  1.0000   3053.3   155.69    541.25  0.0024   1.39640
LPTcoolOB       >   1004.33    62.475     0.000     0.32     0.11  0.0000      0.0   242.34      0.00  0.0000   1.38078
OvrBrd          >   1004.33    62.475     0.000     0.32     0.11  0.0000      0.0   242.34      0.00  0.0000   1.38078

          INLETS                                                                  COMPRESSORS & TURBINES                                           
              eRam      Afs     Fram                                                    Wc      PR       TR   efPoly      eff      Nc|Np       pwr 
StrmTube    1.0000  4205.05  13018.7                                    FanTip     1068.00   1.640   1.1712   0.8998   0.8938   3608.834  -10970.5 
                                                                        LPC         315.58   1.660   1.1732   0.9118   0.9063   3608.834   -3279.4 
            DUCTS                                                       HPC         113.66  22.402   2.5931   0.9057   0.8609  12061.820  -20010.9 
                dPqP    MNin     Aphy                                   HPT          11.07   4.946   1.4050   0.9128   0.9270     238.2   20011.1  
EngInl       0.00000  0.6989  4416.90                                   LPT          49.62   4.545   1.4111   0.9102   0.9250      79.0   14250.0  
FanTipExt>   0.00000  0.4460  2996.30                                                                                                              
LPCTipDct    0.00000  0.4946   363.72                                             MAP POINTS - COMPRESSORS & TURBINES                              
BypDct       0.04180  0.4697  3258.19                                                  WcMap   PRmap                   effMap        NcMap  R||parm
HPCInlDct    0.00000  0.2295   862.10                                   FanTip       1314.98   1.748                   0.8399      100.235   1.9933
LPTExtDct    0.00000  0.3310  1050.70                                   LPC           259.83   1.696                   0.8672      100.235   2.0581
                                                                        HPC           115.85  31.566                   0.8279      100.002   1.9993
          SPLITTERS                                                     HPT            15.77   4.800                   0.9213       99.994  76.0000
                 BPR   dP/P1   dP/P2                                    LPT            15.77   4.799                   0.9213       99.982  76.0000
FanSplit     3.38426  0.0000  0.0000                                                                                                               
LPCSplit     0.81196  0.0000  0.0000                                              ADDERS AND SCALARS                                               
                                                                                   s_WcAud  a_WcAud                            s_effAud  a_effAud  
          MIXERS                                                        FanTip      1.0000   0.0000                              1.0000    0.0000  
           %mix     MN1     MN2      A1      A2     Ps1     Ps2         LPC         1.0000   0.0000                              1.0000    0.0000  
LPCMix     1.00   0.468   0.486  2890.6   367.6   7.471   7.471         HPC         1.0000   0.0000                              1.0000    0.0000  
MainMix    1.00   0.492   0.498  3288.4   755.4   7.059   7.059                    s_WpAud  a_WpAud      s_PRaud  a_PRaud      s_effAud  a_effAud  
                                                                        HPT         1.0000   0.0000       1.0000   0.0000        1.0000    0.0000  
                                                                        LPT         1.0000   0.0000       1.0000   0.0000        1.0000    0.0000  
                                                                                                                                                   
          SHAFTS                                                                  BLEEDS                                                           
             Nmech     trqIn     trqNet     pwrIn      HPX     dNqdt                               Wb/Win   dhb/dh   dPb/dP         Tt         ht  
LPShaft     3415.2   21914.6     0.1595   14250.0     0.00      0.02    HPT2Vcool HPC.HPT2Vcool    0.0195   0.7000   0.4917    1161.39     281.79  
HPShaft    12363.6    8500.8     0.0462   20011.1     0.00      0.00    LPTcool   HPC.LPTcool      0.0091   0.5175   0.2856    1004.33     242.34  
                                                                        LPTcoolOB HPC.LPTcoolOB    0.0049   0.5175   0.2856    1004.33     242.34  





