*******************************************************************************                                                                 
NCP         NPSS_1.6.4 - Rev: AG    model:      EEE Model     run by:     kjholcom    solutionMode= STEADY_STATE    converge=    1    case:    2
time:  0.000    timeStep:0.0500     therm_package:GasTbl      Mode: OFFDESIGN         iter/pas/Jac/Broy=  2/ 12/ 1/ 0     run: 08/18/09 13:50:08
                                                                                                                                                
                        Summary Output Data                                                                                                     
    MN      alt     dTamb      W        Fg        Fn       SFC      Wfuel     WAR      OPR                                                      
 0.800   35000.0    18.00    535.8   22501.6    9092.1   0.5300    4818.75   0.0000   38.361                                                    

          INPUT FLOW                                                                                                   
                         Tt        Pt        Ps        W       Wc      MN     Aphy       ht        Ts     FAR      gamt
Input_StrmTube  >    464.50     5.292     3.458   542.28  1425.11  0.8000   4331.3   111.19    411.85  0.0000   1.40010
Input_EngInl    >    464.50     5.292     3.649   542.28  1425.11  0.7486   4416.9   111.19    417.74  0.0000   1.40010
Input_FanSplit  >    464.50     5.292     3.972   542.28  1425.11  0.6536   4703.7   111.19    427.96  0.0000   1.40010
Input_FanTip    >    464.50     5.292     3.965   418.19  1099.01  0.6536   3633.5   111.19    427.96  0.0000   1.40010
Input_FanTipExtD>    548.69     8.890     7.731   418.19   711.06  0.4512   2996.3   131.39    527.24  0.0000   1.39972
Input_LPC       >    464.50     5.292     3.965   124.09   326.11  0.6536   1078.2   111.19    427.96  0.0000   1.40010
Input_LPCSplit  >    549.07     8.995     7.565   124.09   208.59  0.5035    810.5   131.48    522.59  0.0000   1.39972
Input_LPCTipDct >    549.07     8.995     7.555    54.55    91.71  0.5035    356.8   131.48    522.59  0.0000   1.39972
Input_LPCMix_I1 >    548.69     8.890     7.626   418.19   711.06  0.4732   2890.6   131.39    525.19  0.0000   1.39972
Input_LPCMix_I2 >    549.07     8.995     7.627    54.55    91.71  0.4914    362.6   131.48    523.79  0.0000   1.39972
Input_BypDct    >    548.74     8.902     7.627   472.75   802.78  0.4752   3253.2   131.40    525.04  0.0000   1.39972
Input_BypBld    >    548.74     8.492     0.000   472.75   841.49  0.0000      0.0   131.40      0.00  0.0000   1.39972
Input_HPCInlDct >    549.07     8.995     8.652    69.53   116.89  0.2365    862.1   131.48    543.00  0.0000   1.39972
Input_HPCInlBld >    549.07     8.788     7.602    69.53   119.64  0.4600    496.8   131.48    526.80  0.0000   1.39972
Input_HPC       >    549.07     8.788     7.602    69.53   119.64  0.4600    496.8   131.48    526.80  0.0000   1.39972
Input_HPCExtBld >   1436.15   203.009   193.578    67.21     8.10  0.2659     54.4   352.66   1418.37  0.0000   1.35417
Input_Brn       >   1436.15   203.009   196.007    58.31     7.02  0.2282     54.4   352.66   1423.01  0.0000   1.35417
Input_HPTInlBld >   2856.88   192.859     0.000    59.65    10.67  0.0000      0.0   775.17      0.00  0.0230   1.28461
HPT1Rcool       >   1436.15    39.024     0.000     3.71     2.32  0.0000      0.0   352.66      0.00  0.0000   1.35417
HPT2Vcool       >   1179.18    39.024     0.000     1.36     0.77  0.0000      0.0   286.30      0.00  0.0000   1.36982
Input_HPT       >   2753.12   192.859     0.000    64.84    11.38  0.0000      0.0   741.37      0.00  0.0211   1.28885
Input_LPTInlBld >   1922.74    39.024     0.000    69.90    50.68  0.0000      0.0   494.69      0.00  0.0195   1.31737
Input_LPT       >   1915.24    39.024     0.000    70.53    51.04  0.0000      0.0   492.46      0.00  0.0193   1.31778
Input_LPTExtDct >   1352.66     8.428     7.771    70.53   198.62  0.3489   1050.7   336.98   1324.72  0.0193   1.34572
Input_MainMix_I1>    548.74     8.492     7.162   472.75   841.49  0.4995   3288.4   131.40    522.67  0.0000   1.39972
Input_MainMix_I2>   1352.66     8.428     7.161    70.53   198.62  0.4967    791.9   336.98   1297.03  0.0193   1.34572
Input_Nozz      >    658.83     8.419     7.019   543.28  1068.77  0.5170   4080.3   158.09    625.67  0.0025   1.39612
Input_NozzSnk   >    658.83     8.419     4.456   543.28  1068.77  1.0000   3112.3   158.09    549.53  0.0025   1.39612
LPTcoolOB       >   1018.77    63.982     0.000     0.34     0.11  0.0000      0.0   245.94      0.00  0.0000   1.37974
OvrBrd          >   1018.77    63.982     0.000     0.34     0.11  0.0000      0.0   245.94      0.00  0.0000   1.37974

          INLETS                                                                  COMPRESSORS & TURBINES                                           
              eRam      Afs     Fram                                                    Wc      PR       TR   efPoly      eff      Nc|Np       pwr 
StrmTube    1.0000  4331.30  13409.6                                    FanTip     1099.01   1.680   1.1813   0.8947   0.8879   3664.392  -11952.3 
                                                                        LPC         326.11   1.700   1.1821   0.9113   0.9053   3664.392   -3562.5 
            DUCTS                                                       HPC         119.64  23.100   2.6156   0.9053   0.8600  12102.441  -21485.4 
                dPqP    MNin     Aphy                                   HPT          11.38   4.942   1.4023   0.9128   0.9270     237.3   21484.8  
EngInl       0.00000  0.7486  4416.90                                   LPT          51.04   4.630   1.4159   0.9123   0.9270      79.2   15515.9  
FanTipExt>   0.00000  0.4512  2996.30                                                                                                              
LPCTipDct    0.00000  0.5035   356.80                                             MAP POINTS - COMPRESSORS & TURBINES                              
BypDct       0.04600  0.4752  3253.23                                                  WcMap   PRmap                   effMap        NcMap  R||parm
HPCInlDct    0.02300  0.2365   862.10                                   FanTip       1315.12   1.748                   0.8400      100.237   1.9951
LPTExtDct    0.00000  0.3489  1050.70                                   LPC           259.77   1.696                   0.8672      100.237   2.0503
                                                                        HPC           115.85  31.565                   0.8280      100.001   1.9999
          SPLITTERS                                                     HPT            15.77   4.800                   0.9213       99.996  76.0000
                 BPR   dP/P1   dP/P2                                    LPT            15.77   4.801                   0.9213       99.988  76.0000
FanSplit     3.37009  0.0000  0.0000                                                                                                               
LPCSplit     0.78457  0.0000  0.0000                                              ADDERS AND SCALARS                                               
                                                                                   s_WcAud  a_WcAud                            s_effAud  a_effAud  
          MIXERS                                                        FanTip      1.0000   0.0000                              1.0000    0.0000  
           %mix     MN1     MN2      A1      A2     Ps1     Ps2         LPC         1.0000   0.0000                              1.0000    0.0000  
LPCMix     1.00   0.473   0.491  2890.6   362.6   7.626   7.627         HPC         1.0000   0.0000                              1.0000    0.0000  
MainMix    1.00   0.500   0.497  3288.4   791.9   7.162   7.161                    s_WpAud  a_WpAud      s_PRaud  a_PRaud      s_effAud  a_effAud  
                                                                        HPT         1.0000   0.0000       1.0000   0.0000        1.0000    0.0000  
                                                                        LPT         1.0000   0.0000       1.0000   0.0000        1.0000    0.0000  
                                                                                                                                                   
          SHAFTS                                                                  BLEEDS                                                           
             Nmech     trqIn     trqNet     pwrIn      HPX     dNqdt                               Wb/Win   dhb/dh   dPb/dP         Tt         ht  
LPShaft     3467.8   23499.6     1.6262   15515.9     0.00      0.16    HPT2Vcool HPC.HPT2Vcool    0.0195   0.7000   0.4904    1179.18     286.30  
HPShaft    12452.1    9062.0    -0.2436   21484.8     0.00     -0.02    LPTcool   HPC.LPTcool      0.0091   0.5175   0.2842    1018.77     245.94  
                                                                        LPTcoolOB HPC.LPTcoolOB    0.0049   0.5175   0.2842    1018.77     245.94  





