*******************************************************************************                                                                 
NCP         NPSS_1.6.4 - Rev: AG    model:      EEE Model     run by:     kjholcom    solutionMode= STEADY_STATE    converge=    1    case:    2
time:  0.000    timeStep:0.0500     therm_package:GasTbl      Mode: OFFDESIGN         iter/pas/Jac/Broy=  3/ 13/ 1/ 1     run: 08/18/09 13:48:13
                                                                                                                                                
                        Summary Output Data                                                                                                     
    MN      alt     dTamb      W        Fg        Fn       SFC      Wfuel     WAR      OPR                                                      
 0.000       0.0    27.00   1246.0   40272.3   40272.3   0.2990   12042.00   0.0000   32.861                                                    

          INPUT FLOW                                                                                                   
                         Tt        Pt        Ps        W       Wc      MN     Aphy       ht        Ts     FAR      gamt
Input_StrmTube  >    545.67    14.696    14.696  1246.10  1278.15  0.0000  -----.-   130.66    545.67  0.0000   1.39973
Input_EngInl    >    545.66    14.696    11.503  1246.10  1278.14  0.6021   4416.9   130.66    508.79  0.0000   1.39973
Input_FanSplit  >    545.66    14.696    12.009  1246.10  1278.14  0.5449   4703.7   130.66    515.09  0.0000   1.39973
Input_FanTip    >    545.66    14.696    11.987   957.22   981.84  0.5449   3619.9   130.66    515.09  0.0000   1.39973
Input_FanTipExtD>    628.95    22.923    20.274   957.22   675.76  0.4228   2996.3   150.68    607.33  0.0000   1.39815
Input_LPC       >    545.66    14.696    11.987   288.88   296.31  0.5449   1092.4   130.66    515.09  0.0000   1.39973
Input_LPCSplit  >    629.71    23.215    19.832   288.88   201.49  0.4800    810.5   150.86    602.06  0.0000   1.39813
Input_LPCTipDct >    629.71    23.215    19.804   133.20    92.91  0.4800    374.3   150.86    602.06  0.0000   1.39813
Input_LPCMix_I1 >    628.95    22.923    20.042   957.22   675.76  0.4426   2890.6   150.68    605.33  0.0000   1.39815
Input_LPCMix_I2 >    629.71    23.215    20.042   133.20    92.91  0.4634    383.7   150.86    603.87  0.0000   1.39813
Input_BypDct    >    629.05    22.958    20.043  1090.42   768.69  0.4450   3274.3   150.70    605.17  0.0000   1.39815
Input_BypBld    >    629.05    22.958     0.000  1090.42   768.69  0.0000      0.0   150.70      0.00  0.0000   1.39815
Input_HPCInlDct >    629.71    23.215    22.456   155.68   108.58  0.2187    862.1   150.86    623.77  0.0000   1.39813
Input_HPCInlBld >    629.71    23.215    20.720   155.68   108.58  0.4066    496.8   150.86    609.63  0.0000   1.39813
Input_HPC       >    629.71    23.215    20.720   155.68   108.58  0.4066    496.8   150.86    609.63  0.0000   1.39813
Input_HPCExtBld >   1576.98   482.911   461.116   150.46     7.98  0.2627     54.4   389.90   1558.33  0.0000   1.34642
Input_Brn       >   1576.98   482.911   466.723   130.55     6.93  0.2255     54.4   389.90   1563.19  0.0000   1.34642
Input_HPTInlBld >   3095.18   458.765     0.000   133.90    10.48  0.0000      0.0   852.68      0.00  0.0256   1.27626
HPT1Rcool       >   1576.98    93.351     0.000     8.30     2.28  0.0000      0.0   389.90      0.00  0.0000   1.34642
HPT2Vcool       >   1303.69    93.351     0.000     3.04     0.76  0.0000      0.0   318.19      0.00  0.0000   1.36205
Input_HPT       >   2985.27   458.765     0.000   145.51    11.18  0.0000      0.0   815.74      0.00  0.0235   1.28062
Input_LPTInlBld >   2107.80    93.351     0.000   156.84    49.78  0.0000      0.0   549.30      0.00  0.0218   1.30907
Input_LPT       >   2099.77    93.351     0.000   158.26    50.13  0.0000      0.0   546.84      0.00  0.0216   1.30946
Input_LPTExtDct >   1541.52    23.250    21.917   158.26   172.45  0.2986   1050.7   388.92   1518.90  0.0216   1.33344
Input_MainMix_I1>    629.05    22.958    20.073  1090.42   768.69  0.4425   3288.4   150.70    605.42  0.0000   1.39815
Input_MainMix_I2>   1541.52    23.250    20.073   158.26   172.45  0.4734    715.2   388.92   1485.72  0.0216   1.33344
Input_Nozz      >    752.76    22.877    19.769  1248.68   966.36  0.4626   4003.6   180.89    722.39  0.0027   1.39238
Input_NozzSnk   >    752.76    22.877    14.696  1248.68   966.36  0.8226   2901.5   180.89    664.11  0.0027   1.39238
LPTcoolOB       >   1132.85   155.761     0.000     0.76     0.11  0.0000      0.0   274.56      0.00  0.0000   1.37268
OvrBrd          >   1132.85   155.761     0.000     0.76     0.11  0.0000      0.0   274.56      0.00  0.0000   1.37268

          INLETS                                                                  COMPRESSORS & TURBINES                                           
              eRam      Afs     Fram                                                    Wc      PR       TR   efPoly      eff      Nc|Np       pwr 
StrmTube    1.0000  ----.--      0.0                                    FanTip      981.84   1.560   1.1526   0.8963   0.8908   3479.954  -27106.1 
                                                                        LPC         296.31   1.580   1.1540   0.9141   0.9093   3479.954   -8254.5 
            DUCTS                                                       HPC         108.58  20.801   2.5043   0.9058   0.8629  11939.781  -51988.8 
                dPqP    MNin     Aphy                                   HPT          11.18   4.914   1.3874   0.9062   0.9210     240.8   51989.1  
EngInl       0.00000  0.6021  4416.90                                   LPT          50.13   4.015   1.3621   0.9154   0.9280      77.9   35360.8  
FanTipExt>   0.00000  0.4228  2996.30                                                                                                              
LPCTipDct    0.00000  0.4800   374.26                                             MAP POINTS - COMPRESSORS & TURBINES                              
BypDct       0.00000  0.4450  3274.30                                                  WcMap   PRmap                   effMap        NcMap  R||parm
HPCInlDct    0.00000  0.2187   862.10                                   FanTip       1315.01   1.748                   0.8399      100.237   1.9931
LPTExtDct    0.00000  0.2986  1050.70                                   LPC           259.86   1.696                   0.8672      100.237   2.0616
                                                                        HPC           115.85  31.566                   0.8279      100.002   1.9994
          SPLITTERS                                                     HPT            15.77   4.800                   0.9213       99.995  76.0000
                 BPR   dP/P1   dP/P2                                    LPT            15.77   4.800                   0.9213       99.985  76.0000
FanSplit     3.31355  0.0000  0.0000                                                                                                               
LPCSplit     0.85564  0.0000  0.0000                                              ADDERS AND SCALARS                                               
                                                                                   s_WcAud  a_WcAud                            s_effAud  a_effAud  
          MIXERS                                                        FanTip      1.0000   0.0000                              1.0000    0.0000  
           %mix     MN1     MN2      A1      A2     Ps1     Ps2         LPC         1.0000   0.0000                              1.0000    0.0000  
LPCMix     1.00   0.443   0.463  2890.6   383.7  20.042  20.042         HPC         1.0000   0.0000                              1.0000    0.0000  
MainMix    1.00   0.443   0.473  3288.4   715.2  20.073  20.073                    s_WpAud  a_WpAud      s_PRaud  a_PRaud      s_effAud  a_effAud  
                                                                        HPT         1.0000   0.0000       1.0000   0.0000        1.0000    0.0000  
                                                                        LPT         1.0000   0.0000       1.0000   0.0000        1.0000    0.0000  
                                                                                                                                                   
          SHAFTS                                                                  BLEEDS                                                           
             Nmech     trqIn     trqNet     pwrIn      HPX     dNqdt                               Wb/Win   dhb/dh   dPb/dP         Tt         ht  
LPShaft     3569.4   52031.6     0.3427   35360.8     0.00      0.03    HPT2Vcool HPC.HPT2Vcool    0.0195   0.7000   0.4941    1303.69     318.19  
HPShaft    13155.9   20755.2     0.1534   51989.1     0.00      0.01    LPTcool   HPC.LPTcool      0.0091   0.5175   0.2883    1132.85     274.56  
                                                                        LPTcoolOB HPC.LPTcoolOB    0.0049   0.5175   0.2883    1132.85     274.56  





